<?xml version="1.0" encoding="UTF-8"?>
<!-- Generated by org.testng.reporters.JUnitXMLReporter -->
<testsuite ignored="0" hostname="DESKTOP-9D4N4I9" failures="1" tests="1" name="Test_firfox" time="0.114" errors="0" timestamp="2023-06-23T10:36:12 IST">
  <testcase classname="Parallel_execution.Parllel_Script" name="execution" time="0.0">
    <failure type="org.testng.TestNGException" message="
Parameter &amp;apos;browser&amp;apos; is required by @Test on method execution but has not been marked @Optional or defined
in D:\Rccm57\Hybrid_Frame_Work1\testng.xml">
      <![CDATA[org.testng.TestNGException: 
Parameter 'browser' is required by @Test on method execution but has not been marked @Optional or defined
in D:\Rccm57\Hybrid_Frame_Work1\testng.xml
at java.base/java.util.ArrayList.forEach(ArrayList.java:1511)
at java.base/java.util.concurrent.FutureTask.run(FutureTask.java:264)
at java.base/java.util.concurrent.ThreadPoolExecutor.runWorker(ThreadPoolExecutor.java:1136)
at java.base/java.util.concurrent.ThreadPoolExecutor$Worker.run(ThreadPoolExecutor.java:635)
at java.base/java.lang.Thread.run(Thread.java:833)
... Removed 16 stack frames]]>
    </failure>
  </testcase> <!-- execution -->
</testsuite> <!-- Test_firfox -->
